(3981, 12, 8, 7)
Shape training :  (3981, 12, 8, 7)
Shape valid :  (1330, 12, 8, 7)
(3983, 12, 8, 7)
Shape training :  (3983, 12, 8, 7)
Shape valid :  (1327, 12, 8, 7)
(3976, 12, 8, 7)
Shape training :  (3976, 12, 8, 7)
Shape valid :  (1328, 12, 8, 7)
(3981, 12, 8, 7)
Shape training :  (3981, 12, 8, 7)
Shape valid :  (1327, 12, 8, 7)
(3984, 12, 8, 7)
Shape training :  (3984, 12, 8, 7)
Shape valid :  (1328, 12, 8, 7)
(3983, 12, 8, 7)
Shape training :  (3983, 12, 8, 7)
Shape valid :  (1325, 12, 8, 7)
(3985, 12, 8, 7)
Shape training :  (3985, 12, 8, 7)
Shape valid :  (1329, 12, 8, 7)
(3986, 12, 8, 7)
Shape training :  (3986, 12, 8, 7)
Shape valid :  (1326, 12, 8, 7)
(3982, 12, 8, 7)
Shape training :  (3982, 12, 8, 7)
Shape valid :  (1329, 12, 8, 7)
(3983, 12, 8, 7)
Shape training :  (3983, 12, 8, 7)
Shape valid :  (1327, 12, 8, 7)
(3984, 12, 8, 7)
Shape training :  (3984, 12, 8, 7)
Shape valid :  (1330, 12, 8, 7)
(3991, 12, 8, 7)
Shape training :  (3991, 12, 8, 7)
Shape valid :  (1327, 12, 8, 7)
(3922, 12, 8, 7)
Shape training :  (3922, 12, 8, 7)
Shape valid :  (1326, 12, 8, 7)
(3984, 12, 8, 7)
Shape training :  (3984, 12, 8, 7)
Shape valid :  (1328, 12, 8, 7)
(3315, 12, 8, 7)
Shape training :  (3315, 12, 8, 7)
Shape valid :  (1116, 12, 8, 7)
(3985, 12, 8, 7)
Shape training :  (3985, 12, 8, 7)
Shape valid :  (1327, 12, 8, 7)
(3979, 12, 8, 7)
Shape training :  (3979, 12, 8, 7)
Shape valid :  (1329, 12, 8, 7)
(3981, 12, 8, 7)
Shape training :  (3981, 12, 8, 7)
Shape valid :  (1329, 12, 8, 7)
(3986, 12, 8, 7)
Shape training :  (3986, 12, 8, 7)
Shape valid :  (1330, 12, 8, 7)
Number Parameters:  29431
Epoch 0/499
----------
train Loss: 1.70551264 Acc: 0.41136777
Epoch 1 of 500 took 1.147s
val Loss: 52581.95312500 Acc: 0.216167
New best validation loss: tensor(52581.9531, device='cuda:0')
Epoch 1 of 500 took 2.381s
Epoch 1/499
----------
train Loss: 0.86350209 Acc: 0.65650553
Epoch 2 of 500 took 1.032s
val Loss: 1933.11718750 Acc: 0.33202067
New best validation loss: tensor(1933.1172, device='cuda:0')
Epoch 2 of 500 took 2.501s
Epoch 2/499
----------
train Loss: 0.67047948 Acc: 0.73219019
Epoch 3 of 500 took 1.033s
val Loss: 964.78387451 Acc: 0.30403116
New best validation loss: tensor(964.7839, device='cuda:0')
Epoch 3 of 500 took 2.587s
Epoch 3/499
----------
train Loss: 0.59585398 Acc: 0.77105659
Epoch 4 of 500 took 1.025s
val Loss: 260.48071289 Acc: 0.40349764
New best validation loss: tensor(260.4807, device='cuda:0')
Epoch 4 of 500 took 2.526s
Epoch 4/499
----------
train Loss: 0.59143031 Acc: 0.74052554
Epoch 5 of 500 took 1.073s
val Loss: 109.01532745 Acc: 0.46087399
New best validation loss: tensor(109.0153, device='cuda:0')
Epoch 5 of 500 took 2.308s
Epoch 5/499
----------
train Loss: 0.50436497 Acc: 0.79820591
Epoch 6 of 500 took 1.003s
val Loss: 57.93360901 Acc: 0.42052001
New best validation loss: tensor(57.9336, device='cuda:0')
Epoch 6 of 500 took 2.607s
Epoch 6/499
----------
train Loss: 0.49285325 Acc: 0.82464081
Epoch 7 of 500 took 1.050s
val Loss: 37.39068222 Acc: 0.54611284
New best validation loss: tensor(37.3907, device='cuda:0')
Epoch 7 of 500 took 2.274s
Epoch 7/499
----------
train Loss: 0.49481779 Acc: 0.82351357
Epoch 8 of 500 took 1.064s
val Loss: 21.50931168 Acc: 0.54683268
New best validation loss: tensor(21.5093, device='cuda:0')
Epoch 8 of 500 took 2.509s
Epoch 8/499
----------
train Loss: 0.42794281 Acc: 0.84601098
Epoch 9 of 500 took 1.060s
val Loss: 20.37698174 Acc: 0.56673443
New best validation loss: tensor(20.3770, device='cuda:0')
Epoch 9 of 500 took 2.294s
Epoch 9/499
----------
train Loss: 0.45285669 Acc: 0.84486783
Epoch 10 of 500 took 1.112s
val Loss: 20.00634766 Acc: 0.54924631
New best validation loss: tensor(20.0063, device='cuda:0')
Epoch 10 of 500 took 3.016s
Epoch 10/499
----------
train Loss: 0.39388347 Acc: 0.8637771
Epoch 11 of 500 took 1.042s
val Loss: 11.90144920 Acc: 0.63046241
New best validation loss: tensor(11.9014, device='cuda:0')
Epoch 11 of 500 took 2.556s
Epoch 11/499
----------
train Loss: 0.32502460 Acc: 0.8851155
Epoch 12 of 500 took 1.060s
val Loss: 10.74287128 Acc: 0.6076389
New best validation loss: tensor(10.7429, device='cuda:0')
Epoch 12 of 500 took 2.892s
Epoch 12/499
----------
train Loss: 0.32670227 Acc: 0.88624275
Epoch 13 of 500 took 1.063s
val Loss: 4.37170506 Acc: 0.69389397
New best validation loss: tensor(4.3717, device='cuda:0')
Epoch 13 of 500 took 2.621s
Epoch 13/499
----------
train Loss: 0.30018789 Acc: 0.89399064
Epoch 14 of 500 took 1.013s
val Loss: 4.88760614 Acc: 0.6894055
Epoch 14 of 500 took 2.567s
Epoch 14/499
----------
train Loss: 0.29202446 Acc: 0.89495915
Epoch 15 of 500 took 1.056s
val Loss: 2.44042897 Acc: 0.7607978
New best validation loss: tensor(2.4404, device='cuda:0')
Epoch 15 of 500 took 2.569s
Epoch 15/499
----------
train Loss: 0.28230783 Acc: 0.90337384
Epoch 16 of 500 took 1.039s
val Loss: 2.33544421 Acc: 0.75491196
New best validation loss: tensor(2.3354, device='cuda:0')
Epoch 16 of 500 took 2.543s
Epoch 16/499
----------
train Loss: 0.28618661 Acc: 0.90399301
Epoch 17 of 500 took 1.029s
val Loss: 1.06295121 Acc: 0.83697498
New best validation loss: tensor(1.0630, device='cuda:0')
Epoch 17 of 500 took 2.795s
Epoch 17/499
----------
train Loss: 0.25994566 Acc: 0.90502501
Epoch 18 of 500 took 1.078s
val Loss: 1.63861930 Acc: 0.82143462
Epoch 18 of 500 took 2.590s
Epoch 18/499
----------
train Loss: 0.24954198 Acc: 0.91355085
Epoch 19 of 500 took 1.030s
val Loss: 1.74968958 Acc: 0.78607726
Epoch 19 of 500 took 2.581s
Epoch 19/499
----------
train Loss: 0.23347265 Acc: 0.92253715
Epoch 20 of 500 took 1.080s
val Loss: 0.78726041 Acc: 0.85742718
New best validation loss: tensor(0.7873, device='cuda:0')
Epoch 20 of 500 took 2.686s
Epoch 20/499
----------
train Loss: 0.19387475 Acc: 0.92799872
Epoch 21 of 500 took 1.071s
val Loss: 0.55628502 Acc: 0.8962568
New best validation loss: tensor(0.5563, device='cuda:0')
Epoch 21 of 500 took 2.387s
Epoch 21/499
----------
train Loss: 0.18011676 Acc: 0.93393666
Epoch 22 of 500 took 1.055s
val Loss: 0.46812424 Acc: 0.90243906
New best validation loss: tensor(0.4681, device='cuda:0')
Epoch 22 of 500 took 2.571s
Epoch 22/499
----------
train Loss: 0.16449299 Acc: 0.94085896
Epoch 23 of 500 took 1.042s
val Loss: 0.44832927 Acc: 0.90256608
New best validation loss: tensor(0.4483, device='cuda:0')
Epoch 23 of 500 took 2.521s
Epoch 23/499
----------
train Loss: 0.16877104 Acc: 0.93538147
Epoch 24 of 500 took 1.031s
val Loss: 0.33506626 Acc: 0.92052001
New best validation loss: tensor(0.3351, device='cuda:0')
Epoch 24 of 500 took 2.545s
Epoch 24/499
----------
train Loss: 0.16252632 Acc: 0.94255775
Epoch 25 of 500 took 1.034s
val Loss: 0.27760932 Acc: 0.94279301
New best validation loss: tensor(0.2776, device='cuda:0')
Epoch 25 of 500 took 2.262s
Epoch 25/499
----------
train Loss: 0.15747568 Acc: 0.94505042
Epoch 26 of 500 took 0.998s
val Loss: 0.28692737 Acc: 0.94186145
Epoch 26 of 500 took 2.597s
Epoch 26/499
----------
train Loss: 0.17672488 Acc: 0.93954116
Epoch 27 of 500 took 1.071s
val Loss: 0.46847349 Acc: 0.89858574
Epoch 27 of 500 took 2.628s
Epoch 27/499
----------
train Loss: 0.16190763 Acc: 0.94236726
Epoch 28 of 500 took 1.048s
val Loss: 0.49841848 Acc: 0.88766092
Epoch 28 of 500 took 2.477s
Epoch 28/499
----------
train Loss: 0.14789742 Acc: 0.94795585
Epoch 29 of 500 took 1.083s
val Loss: 0.32241884 Acc: 0.93517107
Epoch 29 of 500 took 2.591s
Epoch 29/499
----------
train Loss: 0.15419726 Acc: 0.94705087
Epoch 30 of 500 took 0.994s
val Loss: 0.26583973 Acc: 0.94643462
New best validation loss: tensor(0.2658, device='cuda:0')
Epoch 30 of 500 took 2.599s
Epoch 30/499
----------
train Loss: 0.14756061 Acc: 0.94762248
Epoch 31 of 500 took 1.083s
val Loss: 0.27836111 Acc: 0.94300479
Epoch 31 of 500 took 2.591s
Epoch 31/499
----------
train Loss: 0.12901008 Acc: 0.95289356
Epoch 32 of 500 took 1.100s
val Loss: 0.23671512 Acc: 0.95604676
New best validation loss: tensor(0.2367, device='cuda:0')
Epoch 32 of 500 took 2.339s
Epoch 32/499
----------
train Loss: 0.11795452 Acc: 0.96064144
Epoch 33 of 500 took 1.028s
val Loss: 0.23025075 Acc: 0.95604676
New best validation loss: tensor(0.2303, device='cuda:0')
Epoch 33 of 500 took 2.258s
Epoch 33/499
----------
train Loss: 0.10391255 Acc: 0.96621418
Epoch 34 of 500 took 1.090s
val Loss: 0.21093246 Acc: 0.96032351
New best validation loss: tensor(0.2109, device='cuda:0')
Epoch 34 of 500 took 2.896s
Epoch 34/499
----------
train Loss: 0.10357611 Acc: 0.96381676
Epoch 35 of 500 took 1.059s
val Loss: 0.21505031 Acc: 0.9601965
Epoch 35 of 500 took 2.617s
Epoch 35/499
----------
train Loss: 0.09522998 Acc: 0.96835756
Epoch 36 of 500 took 1.066s
val Loss: 0.23907886 Acc: 0.95202404
Epoch 36 of 500 took 2.830s
Epoch 36/499
----------
train Loss: 0.10471084 Acc: 0.96513456
Epoch 37 of 500 took 1.047s
val Loss: 0.21354342 Acc: 0.95790988
Epoch 37 of 500 took 2.271s
Epoch 37/499
----------
train Loss: 0.10682542 Acc: 0.96378505
Epoch 38 of 500 took 1.102s
val Loss: 0.22974128 Acc: 0.95477647
Epoch 38 of 500 took 2.701s
Epoch 38/499
----------
train Loss: 0.10451397 Acc: 0.9641661
Epoch 39 of 500 took 1.040s
val Loss: 0.21360525 Acc: 0.96235603
Epoch 39 of 500 took 2.551s
Epoch 39/499
----------
train Loss: 0.09065393 Acc: 0.96835756
Epoch 40 of 500 took 1.074s
val Loss: 0.20460674 Acc: 0.96269482
New best validation loss: tensor(0.2046, device='cuda:0')
Epoch 40 of 500 took 2.979s
Epoch 40/499
----------
train Loss: 0.09228586 Acc: 0.96826231
Epoch 41 of 500 took 1.085s
val Loss: 0.19733779 Acc: 0.96066231
New best validation loss: tensor(0.1973, device='cuda:0')
Epoch 41 of 500 took 3.012s
Epoch 41/499
----------
train Loss: 0.09415548 Acc: 0.96672225
Epoch 42 of 500 took 1.069s
val Loss: 0.19563492 Acc: 0.9601965
New best validation loss: tensor(0.1956, device='cuda:0')
Epoch 42 of 500 took 2.677s
Epoch 42/499
----------
train Loss: 0.10326149 Acc: 0.96427721
Epoch 43 of 500 took 1.027s
val Loss: 0.35394090 Acc: 0.9357639
Epoch 43 of 500 took 2.252s
Epoch 43/499
----------
train Loss: 0.09883305 Acc: 0.96607131
Epoch 44 of 500 took 1.049s
val Loss: 0.22122958 Acc: 0.96023881
Epoch 44 of 500 took 2.649s
Epoch 44/499
----------
train Loss: 0.09642476 Acc: 0.96721441
Epoch 45 of 500 took 1.046s
val Loss: 0.22143157 Acc: 0.96125507
Epoch 45 of 500 took 2.272s
Epoch 45/499
----------
train Loss: 0.08587226 Acc: 0.97096133
Epoch 46 of 500 took 1.046s
val Loss: 0.21517445 Acc: 0.95985776
Epoch 46 of 500 took 2.318s
Epoch 46/499
----------
train Loss: 0.08450845 Acc: 0.97043741
Epoch 47 of 500 took 1.034s
val Loss: 0.22829655 Acc: 0.96095872
Epoch 47 of 500 took 2.836s
Epoch 47/499
----------
train Loss: 0.09591717 Acc: 0.96756369
Epoch 48 of 500 took 1.059s
val Loss: 0.24467394 Acc: 0.95253217
Epoch 48 of 500 took 2.281s
Epoch 48/499
----------
train Loss: 0.07831699 Acc: 0.97264427
Epoch 49 of 500 took 1.070s
val Loss: 0.19737615 Acc: 0.96587062
Epoch 49 of 500 took 2.536s
Epoch 49/499
----------
train Loss: 0.07609656 Acc: 0.97358102
Epoch 50 of 500 took 1.045s
val Loss: 0.22635242 Acc: 0.95782524
Epoch 50 of 500 took 2.599s
Epoch 50/499
----------
train Loss: 0.07193243 Acc: 0.97567677
Epoch 51 of 500 took 1.155s
val Loss: 0.18240073 Acc: 0.96468496
New best validation loss: tensor(0.1824, device='cuda:0')
Epoch 51 of 500 took 2.627s
Epoch 51/499
----------
train Loss: 0.07159092 Acc: 0.97650236
Epoch 52 of 500 took 1.021s
val Loss: 0.22499649 Acc: 0.95757115
Epoch 52 of 500 took 2.621s
Epoch 52/499
----------
train Loss: 0.08404209 Acc: 0.97081846
Epoch 53 of 500 took 1.060s
val Loss: 0.19140375 Acc: 0.96311826
Epoch 53 of 500 took 2.765s
Epoch 53/499
----------
train Loss: 0.08085148 Acc: 0.97359687
Epoch 54 of 500 took 1.052s
val Loss: 0.21191187 Acc: 0.956936
Epoch 54 of 500 took 2.562s
Epoch 54/499
----------
train Loss: 0.07050497 Acc: 0.97562915
Epoch 55 of 500 took 1.051s
val Loss: 0.15242115 Acc: 0.97306913
New best validation loss: tensor(0.1524, device='cuda:0')
Epoch 55 of 500 took 2.610s
Epoch 55/499
----------
train Loss: 0.06431112 Acc: 0.97683579
Epoch 56 of 500 took 1.060s
val Loss: 0.24078982 Acc: 0.95155829
Epoch 56 of 500 took 2.354s
Epoch 56/499
----------
train Loss: 0.07917646 Acc: 0.97192985
Epoch 57 of 500 took 1.038s
val Loss: 0.20166656 Acc: 0.96430391
Epoch 57 of 500 took 2.639s
Epoch 57/499
----------
train Loss: 0.08791945 Acc: 0.97086608
Epoch 58 of 500 took 1.056s
val Loss: 0.30165967 Acc: 0.95342141
Epoch 58 of 500 took 2.565s
Epoch 58/499
----------
train Loss: 0.11073184 Acc: 0.96313411
Epoch 59 of 500 took 1.073s
val Loss: 0.69163239 Acc: 0.89502883
Epoch 59 of 500 took 2.674s
Epoch 59/499
----------
train Loss: 0.12411115 Acc: 0.95997459
Epoch 60 of 500 took 1.051s
val Loss: 0.79560149 Acc: 0.90298951
Epoch 60 of 500 took 2.788s
Epoch 60/499
----------
train Loss: 0.09167695 Acc: 0.96781772
Epoch 61 of 500 took 1.104s
val Loss: 0.55064285 Acc: 0.92454273
Epoch 61 of 500 took 2.933s
Epoch 61/499
----------
train Loss: 0.08527394 Acc: 0.97102487
Epoch 62 of 500 took 1.081s
val Loss: 0.62442660 Acc: 0.9084096
Epoch 62 of 500 took 2.306s
Epoch 62/499
----------
train Loss: 0.07379737 Acc: 0.97356516
Epoch 63 of 500 took 1.105s
val Loss: 0.36325276 Acc: 0.93470532
Epoch 63 of 500 took 2.933s
Epoch 63/499
----------
train Loss: 0.06364033 Acc: 0.97867745
Epoch 64 of 500 took 1.108s
val Loss: 0.33848390 Acc: 0.93415481
Epoch 64 of 500 took 2.628s
Epoch 64/499
----------
train Loss: 0.06570546 Acc: 0.97843933
Epoch 65 of 500 took 1.042s
val Loss: 0.48332283 Acc: 0.91662437
Epoch 65 of 500 took 2.642s
Epoch 65/499
----------
train Loss: 0.05905324 Acc: 0.97951895
Epoch 66 of 500 took 1.027s
val Loss: 0.27623221 Acc: 0.94753557
Epoch 66 of 500 took 2.587s
Epoch 66/499
----------
train Loss: 0.06646221 Acc: 0.97699451
Epoch 67 of 500 took 1.000s
val Loss: 0.20445275 Acc: 0.96100104
Epoch 67 of 500 took 2.271s
Epoch 67/499
----------
train Loss: 0.06035657 Acc: 0.9791379
Epoch 68 of 500 took 1.072s
val Loss: 0.17187840 Acc: 0.9704861
Epoch 68 of 500 took 2.682s
Epoch 68/499
----------
train Loss: 0.05959939 Acc: 0.98029691
Epoch 69 of 500 took 1.023s
val Loss: 0.19062142 Acc: 0.96663278
Epoch 69 of 500 took 2.788s
Epoch 69/499
----------
train Loss: 0.05989406 Acc: 0.97947133
Epoch 70 of 500 took 1.079s
val Loss: 0.23524144 Acc: 0.95951897
Epoch 70 of 500 took 2.589s
Epoch 70/499
----------
train Loss: 0.06524936 Acc: 0.97785187
Epoch 71 of 500 took 1.043s
val Loss: 0.17721905 Acc: 0.96282184
Epoch    70: reducing learning rate of group 0 to 8.0942e-03.
Epoch 71 of 500 took 2.643s
Epoch 71/499
----------
train Loss: 0.06072149 Acc: 0.97882038
Epoch 72 of 500 took 1.096s
val Loss: 0.14734107 Acc: 0.97184116
New best validation loss: tensor(0.1473, device='cuda:0')
Epoch 72 of 500 took 2.611s
Epoch 72/499
----------
train Loss: 0.04930488 Acc: 0.98218626
Epoch 73 of 500 took 1.043s
val Loss: 0.13478649 Acc: 0.97531337
New best validation loss: tensor(0.1348, device='cuda:0')
Epoch 73 of 500 took 2.272s
Epoch 73/499
----------
train Loss: 0.04633764 Acc: 0.98340875
Epoch 74 of 500 took 1.130s
val Loss: 0.13768041 Acc: 0.97472054
Epoch 74 of 500 took 2.358s
Epoch 74/499
----------
train Loss: 0.04441298 Acc: 0.98417085
Epoch 75 of 500 took 1.097s
val Loss: 0.13754354 Acc: 0.97433943
Epoch 75 of 500 took 2.695s
Epoch 75/499
----------
train Loss: 0.04283779 Acc: 0.98423433
Epoch 76 of 500 took 1.032s
val Loss: 0.13584623 Acc: 0.97590619
Epoch 76 of 500 took 2.634s
Epoch 76/499
----------
train Loss: 0.04310576 Acc: 0.98425025
Epoch 77 of 500 took 1.060s
val Loss: 0.13555090 Acc: 0.97535568
Epoch 77 of 500 took 2.709s
Epoch 77/499
----------
train Loss: 0.04315147 Acc: 0.9849329
Epoch 78 of 500 took 1.111s
val Loss: 0.13388771 Acc: 0.97586381
New best validation loss: tensor(0.1339, device='cuda:0')
Epoch 78 of 500 took 2.885s
Epoch 78/499
----------
train Loss: 0.04081272 Acc: 0.9851076
Epoch 79 of 500 took 1.098s
val Loss: 0.13207032 Acc: 0.97632962
New best validation loss: tensor(0.1321, device='cuda:0')
Epoch 79 of 500 took 3.080s
Epoch 79/499
----------
train Loss: 0.04062545 Acc: 0.98483765
Epoch 80 of 500 took 1.043s
val Loss: 0.13486969 Acc: 0.97590619
Epoch 80 of 500 took 2.599s
Epoch 80/499
----------
train Loss: 0.04099929 Acc: 0.9851076
Epoch 81 of 500 took 1.127s
val Loss: 0.13777266 Acc: 0.97590619
Epoch 81 of 500 took 2.957s
Epoch 81/499
----------
train Loss: 0.04032236 Acc: 0.98561561
Epoch 82 of 500 took 1.027s
val Loss: 0.13459158 Acc: 0.97662604
Epoch 82 of 500 took 2.467s
Epoch 82/499
----------
train Loss: 0.04091801 Acc: 0.98526633
Epoch 83 of 500 took 1.074s
val Loss: 0.13449648 Acc: 0.97556746
Epoch 83 of 500 took 2.904s
Epoch 83/499
----------
train Loss: 0.04046405 Acc: 0.98518693
Epoch 84 of 500 took 1.026s
val Loss: 0.13321246 Acc: 0.97501695
Epoch 84 of 500 took 2.580s
Epoch 84/499
----------
train Loss: 0.04026968 Acc: 0.98571092
Epoch 85 of 500 took 1.090s
val Loss: 0.13673127 Acc: 0.97497463
Epoch 85 of 500 took 2.316s
Epoch 85/499
----------
train Loss: 0.04091322 Acc: 0.98575854
Epoch 86 of 500 took 1.023s
val Loss: 0.13889647 Acc: 0.97459352
Epoch 86 of 500 took 2.940s
Epoch 86/499
----------
train Loss: 0.04015762 Acc: 0.9852187
Epoch 87 of 500 took 1.048s
val Loss: 0.13577278 Acc: 0.9756521
Epoch 87 of 500 took 2.559s
Epoch 87/499
----------
train Loss: 0.03973605 Acc: 0.98618722
Epoch 88 of 500 took 1.065s
val Loss: 0.13086048 Acc: 0.97679543
New best validation loss: tensor(0.1309, device='cuda:0')
Epoch 88 of 500 took 2.310s
Epoch 88/499
----------
train Loss: 0.03968427 Acc: 0.98588556
Epoch 89 of 500 took 1.040s
val Loss: 0.13623230 Acc: 0.9756521
Epoch 89 of 500 took 2.594s
Epoch 89/499
----------
train Loss: 0.03909137 Acc: 0.98563153
Epoch 90 of 500 took 1.053s
val Loss: 0.13398182 Acc: 0.97510165
Epoch 90 of 500 took 2.282s
Epoch 90/499
----------
train Loss: 0.03899872 Acc: 0.98553622
Epoch 91 of 500 took 1.021s
val Loss: 0.12980536 Acc: 0.97683775
New best validation loss: tensor(0.1298, device='cuda:0')
Epoch 91 of 500 took 2.249s
Epoch 91/499
----------
train Loss: 0.03900354 Acc: 0.98650473
Epoch 92 of 500 took 1.085s
val Loss: 0.13111486 Acc: 0.97607559
Epoch 92 of 500 took 2.640s
Epoch 92/499
----------
train Loss: 0.03914331 Acc: 0.98574263
Epoch 93 of 500 took 1.087s
val Loss: 0.13164376 Acc: 0.97645664
Epoch 93 of 500 took 2.690s
Epoch 93/499
----------
train Loss: 0.03619732 Acc: 0.98636186
Epoch 94 of 500 took 1.134s
val Loss: 0.13065729 Acc: 0.97730356
Epoch 94 of 500 took 2.645s
Epoch 94/499
----------
train Loss: 0.03810889 Acc: 0.98602843
Epoch 95 of 500 took 1.072s
val Loss: 0.13334595 Acc: 0.97641432
Epoch 95 of 500 took 2.725s
Epoch 95/499
----------
train Loss: 0.04000791 Acc: 0.98583788
Epoch 96 of 500 took 1.066s
val Loss: 0.13418606 Acc: 0.97649902
Epoch 96 of 500 took 2.622s
Epoch 96/499
----------
train Loss: 0.03690556 Acc: 0.98628247
Epoch 97 of 500 took 1.046s
val Loss: 0.12818421 Acc: 0.97730356
New best validation loss: tensor(0.1282, device='cuda:0')
Epoch 97 of 500 took 2.652s
Epoch 97/499
----------
train Loss: 0.03719813 Acc: 0.98623484
Epoch 98 of 500 took 1.042s
val Loss: 0.13364291 Acc: 0.97683775
Epoch 98 of 500 took 2.600s
Epoch 98/499
----------
train Loss: 0.03810871 Acc: 0.98680639
Epoch 99 of 500 took 1.015s
val Loss: 0.13468909 Acc: 0.97620261
Epoch 99 of 500 took 2.781s
Epoch 99/499
----------
train Loss: 0.03781944 Acc: 0.98659998
Epoch 100 of 500 took 1.086s
val Loss: 0.13629724 Acc: 0.97586381
Epoch 100 of 500 took 2.919s
Epoch 100/499
----------
train Loss: 0.03675568 Acc: 0.98683816
Epoch 101 of 500 took 1.055s
val Loss: 0.13181312 Acc: 0.97688007
Epoch 101 of 500 took 2.331s
Epoch 101/499
----------
train Loss: 0.03685809 Acc: 0.98666352
Epoch 102 of 500 took 1.090s
val Loss: 0.13233879 Acc: 0.97666836
Epoch 102 of 500 took 2.605s
Epoch 102/499
----------
train Loss: 0.03707890 Acc: 0.98667938
Epoch 103 of 500 took 1.091s
val Loss: 0.13113154 Acc: 0.97717649
Epoch 103 of 500 took 2.921s
Epoch 103/499
----------
train Loss: 0.03790828 Acc: 0.98682225
Epoch 104 of 500 took 1.005s
val Loss: 0.12651257 Acc: 0.97806573
New best validation loss: tensor(0.1265, device='cuda:0')
Epoch 104 of 500 took 2.520s
Epoch 104/499
----------
train Loss: 0.03626067 Acc: 0.98731446
Epoch 105 of 500 took 1.080s
val Loss: 0.12942393 Acc: 0.97709185
Epoch 105 of 500 took 2.303s
Epoch 105/499
----------
train Loss: 0.03615377 Acc: 0.98753673
Epoch 106 of 500 took 1.002s
val Loss: 0.13353376 Acc: 0.97700715
Epoch 106 of 500 took 2.516s
Epoch 106/499
----------
train Loss: 0.03650114 Acc: 0.98713982
Epoch 107 of 500 took 1.052s
val Loss: 0.13188088 Acc: 0.97645664
Epoch 107 of 500 took 2.280s
Epoch 107/499
----------
train Loss: 0.03683998 Acc: 0.98680639
Epoch 108 of 500 took 1.026s
val Loss: 0.13118517 Acc: 0.9757368
Epoch 108 of 500 took 2.580s
Epoch 108/499
----------
train Loss: 0.03528996 Acc: 0.98682225
Epoch 109 of 500 took 1.060s
val Loss: 0.12728979 Acc: 0.97827744
Epoch 109 of 500 took 2.897s
Epoch 109/499
----------
train Loss: 0.03610907 Acc: 0.98677462
Epoch 110 of 500 took 1.009s
val Loss: 0.13228270 Acc: 0.97603321
Epoch 110 of 500 took 2.306s
Epoch 110/499
----------
train Loss: 0.03516770 Acc: 0.98671114
Epoch 111 of 500 took 1.053s
val Loss: 0.12480114 Acc: 0.97675306
New best validation loss: tensor(0.1248, device='cuda:0')
Epoch 111 of 500 took 2.622s
Epoch 111/499
----------
train Loss: 0.03478050 Acc: 0.98728269
Epoch 112 of 500 took 0.992s
val Loss: 0.13268322 Acc: 0.97645664
Epoch 112 of 500 took 2.545s
Epoch 112/499
----------
train Loss: 0.03615032 Acc: 0.98702866
Epoch 113 of 500 took 1.066s
val Loss: 0.14159323 Acc: 0.97463584
Epoch 113 of 500 took 2.621s
Epoch 113/499
----------
train Loss: 0.03600471 Acc: 0.9872033
Epoch 114 of 500 took 1.069s
val Loss: 0.13144758 Acc: 0.97611791
Epoch 114 of 500 took 2.873s
Epoch 114/499
----------
train Loss: 0.03537575 Acc: 0.98721921
Epoch 115 of 500 took 1.062s
val Loss: 0.12462319 Acc: 0.97844684
New best validation loss: tensor(0.1246, device='cuda:0')
Epoch 115 of 500 took 2.578s
Epoch 115/499
----------
train Loss: 0.03588977 Acc: 0.98736209
Epoch 116 of 500 took 1.079s
val Loss: 0.12722217 Acc: 0.97721887
Epoch 116 of 500 took 2.908s
Epoch 116/499
----------
train Loss: 0.03501294 Acc: 0.98764783
Epoch 117 of 500 took 1.024s
val Loss: 0.13294925 Acc: 0.97658372
Epoch 117 of 500 took 2.494s
Epoch 117/499
----------
train Loss: 0.03406942 Acc: 0.98791778
Epoch 118 of 500 took 1.100s
val Loss: 0.13240999 Acc: 0.97743058
Epoch 118 of 500 took 2.328s
Epoch 118/499
----------
train Loss: 0.03511097 Acc: 0.9870922
Epoch 119 of 500 took 1.032s
val Loss: 0.12537964 Acc: 0.97815043
Epoch 119 of 500 took 2.266s
Epoch 119/499
----------
train Loss: 0.03433330 Acc: 0.98758435
Epoch 120 of 500 took 1.064s
val Loss: 0.13357259 Acc: 0.97599089
Epoch 120 of 500 took 2.894s
Epoch 120/499
----------
train Loss: 0.03507456 Acc: 0.98807651
Epoch 121 of 500 took 1.045s
val Loss: 0.13253507 Acc: 0.97556746
Epoch 121 of 500 took 2.281s
Epoch 121/499
----------
train Loss: 0.03332499 Acc: 0.98837817
Epoch 122 of 500 took 1.086s
val Loss: 0.13026389 Acc: 0.9775576
Epoch 122 of 500 took 2.686s
Epoch 122/499
----------
train Loss: 0.03603822 Acc: 0.9872033
Epoch 123 of 500 took 1.048s
val Loss: 0.12621215 Acc: 0.97781169
Epoch 123 of 500 took 2.604s
Epoch 123/499
----------
train Loss: 0.03480710 Acc: 0.98742557
Epoch 124 of 500 took 1.053s
val Loss: 0.13137564 Acc: 0.97624493
Epoch 124 of 500 took 2.609s
Epoch 124/499
----------
train Loss: 0.03573832 Acc: 0.98710805
Epoch 125 of 500 took 1.051s
val Loss: 0.13300268 Acc: 0.97696477
Epoch 125 of 500 took 2.520s
Epoch 125/499
----------
train Loss: 0.03348457 Acc: 0.98793364
Epoch 126 of 500 took 1.074s
val Loss: 0.13876645 Acc: 0.97611791
Epoch 126 of 500 took 2.629s
Epoch 126/499
----------
train Loss: 0.03448013 Acc: 0.98728269
Epoch 127 of 500 took 1.070s
val Loss: 0.12829265 Acc: 0.9758215
Epoch 127 of 500 took 2.271s
Epoch 127/499
----------
train Loss: 0.03351037 Acc: 0.9879654
Epoch 128 of 500 took 1.150s
val Loss: 0.12747744 Acc: 0.97827744
Epoch 128 of 500 took 2.375s
Epoch 128/499
----------
train Loss: 0.03357724 Acc: 0.98798126
Epoch 129 of 500 took 1.080s
val Loss: 0.13117589 Acc: 0.97658372
Epoch 129 of 500 took 2.680s
Epoch 129/499
----------
train Loss: 0.03302464 Acc: 0.98801303
Epoch 130 of 500 took 1.048s
val Loss: 0.13679117 Acc: 0.97628731
Epoch 130 of 500 took 2.608s
Epoch 130/499
----------
train Loss: 0.03155409 Acc: 0.98836231
Epoch 131 of 500 took 1.069s
val Loss: 0.13083063 Acc: 0.97641432
Epoch   130: reducing learning rate of group 0 to 1.6188e-03.
Epoch 131 of 500 took 2.580s
Epoch 131/499
----------
train Loss: 0.03237133 Acc: 0.98856872
Epoch 132 of 500 took 1.013s
val Loss: 0.12958805 Acc: 0.9773882
Epoch 132 of 500 took 2.625s
Epoch 132/499
----------
train Loss: 0.03247324 Acc: 0.98853695
Epoch 133 of 500 took 1.060s
val Loss: 0.12875161 Acc: 0.97658372
Epoch 133 of 500 took 2.284s
Epoch 133/499
----------
train Loss: 0.03306888 Acc: 0.98814005
Epoch 134 of 500 took 1.049s
val Loss: 0.12906849 Acc: 0.97662604
Epoch 134 of 500 took 2.519s
Epoch 134/499
----------
train Loss: 0.03209393 Acc: 0.98885447
Epoch 135 of 500 took 1.043s
val Loss: 0.12768935 Acc: 0.97776932
Epoch 135 of 500 took 2.598s
Epoch 135/499
----------
train Loss: 0.03197209 Acc: 0.98858458
Epoch 136 of 500 took 1.015s
val Loss: 0.12916830 Acc: 0.97662604
Epoch 136 of 500 took 2.672s
Epoch 136/499
----------
train Loss: 0.03298429 Acc: 0.98826706
Epoch 137 of 500 took 1.032s
val Loss: 0.12791692 Acc: 0.9773882
Epoch 137 of 500 took 2.587s
Epoch 137/499
----------
train Loss: 0.03382682 Acc: 0.98791778
Epoch 138 of 500 took 1.067s
val Loss: 0.12993844 Acc: 0.97671074
Epoch 138 of 500 took 2.722s
Epoch 138/499
----------
train Loss: 0.03123889 Acc: 0.98856872
Epoch 139 of 500 took 1.113s
val Loss: 0.12989379 Acc: 0.97717649
Epoch 139 of 500 took 2.669s
Epoch 139/499
----------
train Loss: 0.03228264 Acc: 0.98845756
Epoch 140 of 500 took 1.070s
val Loss: 0.12718199 Acc: 0.97632962
Epoch 140 of 500 took 2.269s
Epoch 140/499
----------
train Loss: 0.03161824 Acc: 0.98858458
Epoch 141 of 500 took 1.067s
val Loss: 0.12684168 Acc: 0.9773882
Epoch 141 of 500 took 2.668s
Epoch 141/499
----------
train Loss: 0.03203827 Acc: 0.98856872
Epoch 142 of 500 took 1.077s
val Loss: 0.12680531 Acc: 0.97721887
Epoch 142 of 500 took 2.678s
Epoch 142/499
----------
train Loss: 0.03120988 Acc: 0.98867983
Epoch 143 of 500 took 1.048s
val Loss: 0.12793812 Acc: 0.97785401
Epoch 143 of 500 took 2.383s
Epoch 143/499
----------
train Loss: 0.03110115 Acc: 0.98929906
Epoch 144 of 500 took 1.005s
val Loss: 0.12884179 Acc: 0.97726119
Epoch 144 of 500 took 2.560s
Epoch 144/499
----------
train Loss: 0.03215802 Acc: 0.9886322
Epoch 145 of 500 took 1.040s
val Loss: 0.12762120 Acc: 0.97662604
Epoch 145 of 500 took 2.869s
Epoch 145/499
----------
train Loss: 0.03195912 Acc: 0.98874336
Epoch 146 of 500 took 1.062s
val Loss: 0.12995778 Acc: 0.97683775
Epoch 146 of 500 took 2.287s

Training complete in 6m 17s
Best val loss: 0.124623
